2025-11-21 22:18:29 | INFO     | app | Server: http://127.0.0.1:5000
2025-11-21 22:18:29 | INFO     | app | WebSocket: ws://127.0.0.1:5000
2025-11-21 22:18:40 | INFO     | app | Server: http://127.0.0.1:5000
2025-11-21 22:18:40 | INFO     | app | WebSocket: ws://127.0.0.1:5000
2025-11-21 22:18:56 | INFO     | app | Server: http://127.0.0.1:5000
2025-11-21 22:18:56 | INFO     | app | WebSocket: ws://127.0.0.1:5000
2025-11-21 22:19:07 | INFO     | app | Server: http://127.0.0.1:5000
2025-11-21 22:19:07 | INFO     | app | WebSocket: ws://127.0.0.1:5000
2025-11-21 22:22:20 | INFO     | emotion_detector | Background emotion monitoring started
2025-11-21 22:22:29 | WARNING  | emotion_detector | Failed to capture frame from camera
2025-11-21 22:22:41 | WARNING  | emotion_detector | Failed to capture frame from camera
2025-11-21 22:22:52 | WARNING  | emotion_detector | Failed to capture frame from camera
2025-11-21 22:23:12 | INFO     | emotion_detector | Detected emotion: sad (confidence: 1.00)
2025-11-21 22:23:32 | INFO     | emotion_detector | Detected emotion: angry (confidence: 0.44)
2025-11-21 22:23:51 | INFO     | emotion_detector | Detected emotion: sad (confidence: 1.00)
2025-11-21 22:24:13 | INFO     | emotion_detector | Detected emotion: sad (confidence: 1.00)
2025-11-21 22:24:31 | INFO     | emotion_detector | Detected emotion: angry (confidence: 0.50)
2025-11-21 22:24:45 | INFO     | emotion_detector | Detected emotion: sad (confidence: 0.54)
2025-11-21 22:24:59 | INFO     | emotion_detector | Detected emotion: sad (confidence: 0.50)
2025-11-21 22:25:14 | INFO     | emotion_detector | Detected emotion: sad (confidence: 0.74)
2025-11-21 22:25:20 | INFO     | app | Server: http://127.0.0.1:5000
2025-11-21 22:25:20 | INFO     | app | WebSocket: ws://127.0.0.1:5000
2025-11-21 22:25:28 | INFO     | emotion_detector | Detected emotion: sad (confidence: 0.95)
2025-11-21 22:25:32 | INFO     | app | Server: http://127.0.0.1:5000
2025-11-21 22:25:32 | INFO     | app | WebSocket: ws://127.0.0.1:5000
2025-11-21 22:25:48 | INFO     | emotion_detector | Detected emotion: sad (confidence: 0.87)
2025-11-21 22:26:12 | INFO     | app | Server: http://127.0.0.1:5000
2025-11-21 22:26:12 | INFO     | app | WebSocket: ws://127.0.0.1:5000
2025-11-21 22:26:12 | INFO     | app | Server: http://127.0.0.1:5000
2025-11-21 22:26:12 | INFO     | app | WebSocket: ws://127.0.0.1:5000
2025-11-21 22:26:13 | INFO     | app | Server: http://127.0.0.1:5000
2025-11-21 22:26:13 | INFO     | app | WebSocket: ws://127.0.0.1:5000
2025-11-21 22:26:13 | INFO     | emotion_detector | Background emotion monitoring started
2025-11-21 22:26:20 | INFO     | emotion_detector | Detected emotion: neutral (confidence: 0.40)
2025-11-21 22:26:26 | INFO     | ai_core | AI response generated: Looks like your message got cut off. What were you...
2025-11-21 22:26:26 | INFO     | tts_output | Generating TTS with voice 'nova' for tone 'neutral'
2025-11-21 22:26:29 | INFO     | tts_output | TTS audio saved: C:\Users\SHIVANSH\Desktop\ROOMie\backend\audio\tmpw2jomcgh.mp3
2025-11-21 22:26:34 | INFO     | emotion_detector | Detected emotion: sad (confidence: 0.58)
2025-11-21 22:26:44 | INFO     | app | Initializing ROOMie backend...
2025-11-21 22:26:44 | INFO     | conversation_memory | Database initialized successfully
2025-11-21 22:26:44 | INFO     | emotion_detector | Background emotion monitoring started
2025-11-21 22:26:44 | INFO     | app | ROOMie backend initialized successfully
2025-11-21 22:26:52 | WARNING  | emotion_detector | Failed to capture frame from camera
2025-11-21 22:26:53 | INFO     | emotion_detector | Detected emotion: sad (confidence: 0.88)
2025-11-21 22:27:11 | INFO     | emotion_detector | Detected emotion: sad (confidence: 1.00)
2025-11-21 22:27:11 | INFO     | emotion_detector | Detected emotion: neutral (confidence: 0.56)
2025-11-21 22:27:12 | INFO     | ai_core | AI response generated: I'm here and ready to listen. How are you feeling ...
2025-11-21 22:27:12 | INFO     | tts_output | Generating TTS with voice 'echo' for tone 'sad'
2025-11-21 22:27:14 | INFO     | tts_output | TTS audio saved: C:\Users\SHIVANSH\Desktop\ROOMie\backend\audio\tmpul8s1g3o.mp3
2025-11-21 22:27:30 | WARNING  | emotion_detector | Failed to capture frame from camera
2025-11-21 22:27:30 | INFO     | emotion_detector | Detected emotion: angry (confidence: 0.75)
2025-11-21 22:27:32 | INFO     | ai_core | AI response generated: I’m so glad to hear that! What’s been making you f...
2025-11-21 22:27:32 | INFO     | tts_output | Generating TTS with voice 'echo' for tone 'sad'
2025-11-21 22:27:35 | INFO     | tts_output | TTS audio saved: C:\Users\SHIVANSH\Desktop\ROOMie\backend\audio\tmp03nstg5_.mp3
2025-11-21 22:27:49 | WARNING  | emotion_detector | Failed to capture frame from camera
2025-11-21 22:27:50 | INFO     | emotion_detector | Detected emotion: sad (confidence: 1.00)
2025-11-21 22:28:08 | WARNING  | emotion_detector | Failed to capture frame from camera
2025-11-21 22:28:09 | INFO     | emotion_detector | Detected emotion: angry (confidence: 0.59)
2025-11-21 22:28:26 | WARNING  | emotion_detector | Failed to capture frame from camera
2025-11-21 22:28:27 | INFO     | emotion_detector | Detected emotion: sad (confidence: 0.77)
2025-11-21 22:28:41 | INFO     | emotion_detector | Detected emotion: sad (confidence: 0.82)
2025-11-21 22:28:41 | INFO     | emotion_detector | Detected emotion: sad (confidence: 0.61)
2025-11-21 22:28:54 | WARNING  | emotion_detector | Failed to capture frame from camera
2025-11-21 22:28:55 | INFO     | emotion_detector | Detected emotion: angry (confidence: 0.81)
2025-11-21 22:29:08 | WARNING  | emotion_detector | Failed to capture frame from camera
2025-11-21 22:29:09 | INFO     | emotion_detector | Detected emotion: angry (confidence: 0.87)
2025-11-21 22:29:22 | WARNING  | emotion_detector | Failed to capture frame from camera
2025-11-21 22:29:22 | INFO     | emotion_detector | Detected emotion: sad (confidence: 0.86)
2025-11-21 22:29:36 | INFO     | emotion_detector | Detected emotion: angry (confidence: 0.60)
2025-11-21 22:29:37 | INFO     | emotion_detector | Detected emotion: angry (confidence: 0.60)
2025-11-21 22:29:50 | WARNING  | emotion_detector | Failed to capture frame from camera
2025-11-21 22:29:51 | INFO     | emotion_detector | Detected emotion: angry (confidence: 0.50)
2025-11-21 22:30:04 | WARNING  | emotion_detector | Failed to capture frame from camera
2025-11-21 22:30:05 | INFO     | emotion_detector | Detected emotion: sad (confidence: 0.94)
2025-11-21 22:30:18 | WARNING  | emotion_detector | Failed to capture frame from camera
2025-11-21 22:30:19 | INFO     | emotion_detector | Detected emotion: sad (confidence: 0.79)
2025-11-21 22:30:32 | WARNING  | emotion_detector | Failed to capture frame from camera
2025-11-21 22:30:33 | INFO     | emotion_detector | Detected emotion: angry (confidence: 0.50)
2025-11-21 22:30:46 | WARNING  | emotion_detector | Failed to capture frame from camera
2025-11-21 22:30:46 | INFO     | emotion_detector | Detected emotion: sad (confidence: 0.99)
2025-11-21 22:31:00 | WARNING  | emotion_detector | Failed to capture frame from camera
2025-11-21 22:31:00 | INFO     | emotion_detector | Detected emotion: angry (confidence: 0.66)
2025-11-21 22:31:13 | WARNING  | emotion_detector | Failed to capture frame from camera
2025-11-21 22:31:14 | INFO     | emotion_detector | Detected emotion: sad (confidence: 0.94)
2025-11-21 22:31:28 | WARNING  | emotion_detector | Failed to capture frame from camera
2025-11-21 22:31:28 | INFO     | emotion_detector | Detected emotion: angry (confidence: 0.76)
2025-11-21 22:31:41 | WARNING  | emotion_detector | Failed to capture frame from camera
2025-11-21 22:31:42 | INFO     | emotion_detector | Detected emotion: neutral (confidence: 0.91)
2025-11-21 22:31:55 | WARNING  | emotion_detector | Failed to capture frame from camera
2025-11-21 22:31:55 | INFO     | emotion_detector | Detected emotion: angry (confidence: 0.82)
2025-11-21 22:32:09 | WARNING  | emotion_detector | Failed to capture frame from camera
2025-11-21 22:32:09 | INFO     | emotion_detector | Detected emotion: angry (confidence: 0.82)
2025-11-21 22:32:36 | INFO     | app | Server: http://127.0.0.1:5000
2025-11-21 22:32:36 | INFO     | app | Server: http://127.0.0.1:5000
2025-11-21 22:32:36 | INFO     | app | WebSocket: ws://127.0.0.1:5000
2025-11-21 22:32:36 | INFO     | app | WebSocket: ws://127.0.0.1:5000
2025-11-21 22:32:36 | INFO     | app | Server: http://127.0.0.1:5000
2025-11-21 22:32:36 | INFO     | app | WebSocket: ws://127.0.0.1:5000
2025-11-21 22:32:36 | INFO     | emotion_detector | Background emotion monitoring started
2025-11-21 22:32:43 | INFO     | emotion_detector | Detected emotion: angry (confidence: 0.83)
2025-11-21 22:32:56 | INFO     | emotion_detector | Detected emotion: angry (confidence: 0.62)
2025-11-21 22:33:10 | INFO     | emotion_detector | Detected emotion: angry (confidence: 0.82)
2025-11-21 22:33:24 | INFO     | emotion_detector | Detected emotion: sad (confidence: 0.51)
2025-11-21 22:33:38 | INFO     | emotion_detector | Detected emotion: angry (confidence: 0.62)
2025-11-21 22:33:52 | INFO     | emotion_detector | Detected emotion: sad (confidence: 0.68)
2025-11-21 22:34:06 | INFO     | emotion_detector | Detected emotion: angry (confidence: 0.70)
2025-11-21 22:34:20 | INFO     | emotion_detector | Detected emotion: sad (confidence: 0.63)
2025-11-21 22:34:53 | INFO     | app | Server: http://127.0.0.1:5000
2025-11-21 22:34:53 | INFO     | app | WebSocket: ws://127.0.0.1:5000
2025-11-21 22:34:53 | INFO     | app | Server: http://127.0.0.1:5000
2025-11-21 22:34:53 | INFO     | app | WebSocket: ws://127.0.0.1:5000
2025-11-21 22:34:53 | INFO     | app | Server: http://127.0.0.1:5000
2025-11-21 22:34:53 | INFO     | app | WebSocket: ws://127.0.0.1:5000
2025-11-21 22:34:54 | INFO     | emotion_detector | Background emotion monitoring started
2025-11-21 22:35:00 | INFO     | emotion_detector | Detected emotion: angry (confidence: 0.80)
2025-11-21 22:35:14 | INFO     | emotion_detector | Detected emotion: angry (confidence: 0.50)
2025-11-21 22:35:28 | INFO     | emotion_detector | Detected emotion: sad (confidence: 0.51)
2025-11-21 22:35:42 | INFO     | emotion_detector | Detected emotion: angry (confidence: 0.72)
2025-11-21 22:35:57 | INFO     | emotion_detector | Detected emotion: angry (confidence: 0.71)
2025-11-21 22:36:10 | INFO     | ai_core | AI response generated: It seems like something might be bothering you. If...
2025-11-21 22:36:10 | INFO     | tts_output | Generating TTS with voice 'echo' for tone 'sad'
2025-11-21 22:36:11 | INFO     | emotion_detector | Detected emotion: angry (confidence: 0.72)
2025-11-21 22:36:14 | INFO     | tts_output | TTS audio saved: C:\Users\SHIVANSH\Desktop\ROOMie\backend\audio\tmp8b4utpu6.mp3
2025-11-21 22:36:14 | INFO     | app | Initializing ROOMie backend...
2025-11-21 22:36:14 | INFO     | conversation_memory | Database initialized successfully
2025-11-21 22:36:14 | INFO     | emotion_detector | Background emotion monitoring started
2025-11-21 22:36:14 | INFO     | app | ROOMie backend initialized successfully
2025-11-21 22:36:24 | INFO     | ai_core | AI response generated: It sounds like you're feeling weighed down by resp...
2025-11-21 22:36:24 | INFO     | tts_output | Generating TTS with voice 'echo' for tone 'sad'
2025-11-21 22:36:33 | WARNING  | emotion_detector | Failed to capture frame from camera
2025-11-21 22:36:33 | INFO     | tts_output | TTS audio saved: C:\Users\SHIVANSH\Desktop\ROOMie\backend\audio\tmpqdlk_xt3.mp3
2025-11-21 22:36:33 | INFO     | emotion_detector | Detected emotion: angry (confidence: 0.63)
2025-11-21 22:36:47 | INFO     | emotion_detector | Detected emotion: sad (confidence: 0.61)
2025-11-21 22:36:48 | INFO     | emotion_detector | Detected emotion: sad (confidence: 0.64)
2025-11-21 22:37:01 | WARNING  | emotion_detector | Failed to capture frame from camera
2025-11-21 22:37:02 | INFO     | emotion_detector | Detected emotion: angry (confidence: 0.79)
2025-11-21 22:37:15 | INFO     | emotion_detector | Detected emotion: angry (confidence: 0.76)
2025-11-21 22:37:16 | INFO     | emotion_detector | Detected emotion: angry (confidence: 0.73)
2025-11-21 22:37:29 | WARNING  | emotion_detector | Failed to capture frame from camera
2025-11-21 22:37:30 | INFO     | emotion_detector | Detected emotion: angry (confidence: 0.79)
2025-11-21 22:37:43 | INFO     | emotion_detector | Detected emotion: angry (confidence: 0.80)
2025-11-21 22:37:44 | INFO     | emotion_detector | Detected emotion: angry (confidence: 0.78)
2025-11-21 22:37:57 | WARNING  | emotion_detector | Failed to capture frame from camera
2025-11-21 22:37:58 | INFO     | emotion_detector | Detected emotion: angry (confidence: 0.81)
2025-11-21 22:38:11 | INFO     | emotion_detector | Detected emotion: angry (confidence: 0.82)
2025-11-21 22:38:12 | INFO     | emotion_detector | Detected emotion: angry (confidence: 0.81)
2025-11-21 22:38:25 | WARNING  | emotion_detector | Failed to capture frame from camera
2025-11-21 22:38:25 | INFO     | emotion_detector | Detected emotion: angry (confidence: 0.82)
2025-11-21 22:38:39 | WARNING  | emotion_detector | Failed to capture frame from camera
2025-11-21 22:38:39 | INFO     | emotion_detector | Detected emotion: angry (confidence: 0.82)
2025-11-21 22:38:52 | WARNING  | emotion_detector | Failed to capture frame from camera
2025-11-21 22:38:53 | INFO     | emotion_detector | Detected emotion: angry (confidence: 0.82)
2025-11-21 22:39:06 | WARNING  | emotion_detector | Failed to capture frame from camera
2025-11-21 22:39:07 | INFO     | emotion_detector | Detected emotion: angry (confidence: 0.81)
2025-11-21 22:39:20 | WARNING  | emotion_detector | Failed to capture frame from camera
2025-11-21 22:39:21 | INFO     | emotion_detector | Detected emotion: angry (confidence: 0.80)
2025-11-21 22:40:17 | WARNING  | emotion_detector | Failed to capture frame from camera
2025-11-21 22:40:17 | WARNING  | emotion_detector | Failed to capture frame from camera
2025-11-21 22:40:26 | WARNING  | emotion_detector | Failed to capture frame from camera
2025-11-21 22:40:27 | INFO     | emotion_detector | Detected emotion: angry (confidence: 0.50)
2025-11-21 22:40:42 | WARNING  | emotion_detector | Failed to capture frame from camera
2025-11-21 22:40:43 | WARNING  | emotion_detector | Failed to capture frame from camera
2025-11-21 22:40:55 | INFO     | emotion_detector | Detected emotion: neutral (confidence: 0.92)
2025-11-21 22:40:55 | INFO     | emotion_detector | Detected emotion: neutral (confidence: 0.72)
2025-11-21 22:41:12 | WARNING  | emotion_detector | Failed to capture frame from camera
2025-11-21 22:41:12 | WARNING  | emotion_detector | Failed to capture frame from camera
2025-11-21 22:41:20 | ERROR    | analytics | Error generating emotion summary: unsupported operand type(s) for +=: 'int' and 'bytes'
2025-11-21 22:41:20 | ERROR    | analytics | Error generating emotion summary: unsupported operand type(s) for +=: 'int' and 'bytes'
2025-11-21 22:41:27 | WARNING  | emotion_detector | Failed to capture frame from camera
2025-11-21 22:41:28 | INFO     | emotion_detector | Detected emotion: happy (confidence: 1.00)
2025-11-21 22:41:30 | INFO     | ai_core | AI response generated: It's okay to take your time. I'm here for you when...
2025-11-21 22:41:30 | INFO     | tts_output | Generating TTS with voice 'echo' for tone 'sad'
2025-11-21 22:41:33 | INFO     | tts_output | TTS audio saved: C:\Users\SHIVANSH\Desktop\ROOMie\backend\audio\tmpb451w8oo.mp3
2025-11-21 22:41:45 | WARNING  | emotion_detector | Failed to capture frame from camera
2025-11-21 22:41:45 | INFO     | emotion_detector | Detected emotion: neutral (confidence: 0.92)
2025-11-21 22:41:46 | INFO     | ai_core | AI response generated: It sounds like you're trying to express something ...
2025-11-21 22:41:46 | INFO     | tts_output | Generating TTS with voice 'echo' for tone 'sad'
2025-11-21 22:41:50 | INFO     | tts_output | TTS audio saved: C:\Users\SHIVANSH\Desktop\ROOMie\backend\audio\tmp2_c4gx0t.mp3
2025-11-21 22:41:53 | ERROR    | analytics | Error generating emotion summary: unsupported operand type(s) for +=: 'int' and 'bytes'
2025-11-21 22:41:53 | ERROR    | analytics | Error generating emotion summary: unsupported operand type(s) for +=: 'int' and 'bytes'
2025-11-21 22:41:57 | ERROR    | analytics | Error generating emotion summary: unsupported operand type(s) for +=: 'int' and 'bytes'
2025-11-21 22:41:57 | ERROR    | analytics | Error generating emotion summary: unsupported operand type(s) for +=: 'int' and 'bytes'
2025-11-21 22:42:02 | INFO     | ai_core | AI response generated: Are you thinking about a baby, or is something rel...
2025-11-21 22:42:02 | INFO     | tts_output | Generating TTS with voice 'nova' for tone 'neutral'
2025-11-21 22:42:04 | INFO     | tts_output | TTS audio saved: C:\Users\SHIVANSH\Desktop\ROOMie\backend\audio\tmp5k8so19o.mp3
2025-11-21 22:42:05 | WARNING  | emotion_detector | Failed to capture frame from camera
2025-11-21 22:42:06 | INFO     | emotion_detector | Detected emotion: happy (confidence: 0.91)
2025-11-21 22:42:16 | INFO     | ai_core | AI response generated: It seems like you’re starting to say something. If...
2025-11-21 22:42:16 | INFO     | tts_output | Generating TTS with voice 'nova' for tone 'neutral'
2025-11-21 22:42:20 | INFO     | tts_output | TTS audio saved: C:\Users\SHIVANSH\Desktop\ROOMie\backend\audio\tmpmfjwrye3.mp3
2025-11-21 22:42:25 | INFO     | emotion_detector | Detected emotion: happy (confidence: 0.77)
2025-11-21 22:42:25 | INFO     | emotion_detector | Detected emotion: happy (confidence: 0.60)
2025-11-21 22:42:27 | INFO     | ai_core | AI response generated: Sounds like you’re about to share something intere...
2025-11-21 22:42:27 | INFO     | tts_output | Generating TTS with voice 'alloy' for tone 'happy'
2025-11-21 22:42:29 | INFO     | tts_output | TTS audio saved: C:\Users\SHIVANSH\Desktop\ROOMie\backend\audio\tmpzrmd8oqn.mp3
2025-11-21 22:42:36 | INFO     | ai_core | AI response generated: It sounds like you're building up to something! I'...
2025-11-21 22:42:36 | INFO     | tts_output | Generating TTS with voice 'alloy' for tone 'happy'
2025-11-21 22:42:38 | INFO     | tts_output | TTS audio saved: C:\Users\SHIVANSH\Desktop\ROOMie\backend\audio\tmpy3x10fef.mp3
2025-11-21 22:42:43 | WARNING  | emotion_detector | Failed to capture frame from camera
2025-11-21 22:42:44 | INFO     | emotion_detector | Detected emotion: neutral (confidence: 1.00)
2025-11-21 22:42:46 | INFO     | ai_core | AI response generated: You're building the suspense! What about "I'm" wou...
2025-11-21 22:42:46 | INFO     | tts_output | Generating TTS with voice 'alloy' for tone 'happy'
2025-11-21 22:42:49 | INFO     | tts_output | TTS audio saved: C:\Users\SHIVANSH\Desktop\ROOMie\backend\audio\tmp5xkvf7al.mp3
2025-11-21 22:42:56 | INFO     | ai_core | AI response generated: Sounds like you’re diving into something fun! Are ...
2025-11-21 22:42:56 | INFO     | tts_output | Generating TTS with voice 'alloy' for tone 'happy'
2025-11-21 22:42:59 | INFO     | tts_output | TTS audio saved: C:\Users\SHIVANSH\Desktop\ROOMie\backend\audio\tmp4jgz3_v6.mp3
2025-11-21 22:43:01 | INFO     | emotion_detector | Detected emotion: neutral (confidence: 0.94)
2025-11-21 22:43:02 | INFO     | emotion_detector | Detected emotion: neutral (confidence: 1.00)
2025-11-21 22:43:15 | WARNING  | emotion_detector | Failed to capture frame from camera
2025-11-21 22:43:15 | INFO     | emotion_detector | Detected emotion: sad (confidence: 0.52)
2025-11-21 22:43:29 | WARNING  | emotion_detector | Failed to capture frame from camera
2025-11-21 22:43:29 | INFO     | emotion_detector | Detected emotion: sad (confidence: 0.69)
2025-11-21 22:43:42 | WARNING  | emotion_detector | Failed to capture frame from camera
2025-11-21 22:43:43 | INFO     | emotion_detector | Detected emotion: sad (confidence: 0.55)
2025-11-21 22:43:56 | WARNING  | emotion_detector | Failed to capture frame from camera
2025-11-21 22:43:56 | INFO     | emotion_detector | Detected emotion: neutral (confidence: 0.53)
2025-11-21 22:44:10 | WARNING  | emotion_detector | Failed to capture frame from camera
2025-11-21 22:44:10 | INFO     | emotion_detector | Detected emotion: neutral (confidence: 0.93)
2025-11-21 22:44:23 | WARNING  | emotion_detector | Failed to capture frame from camera
2025-11-21 22:44:24 | INFO     | emotion_detector | Detected emotion: sad (confidence: 0.86)
2025-11-21 22:44:37 | WARNING  | emotion_detector | Failed to capture frame from camera
2025-11-21 22:44:37 | INFO     | emotion_detector | Detected emotion: sad (confidence: 0.56)
2025-11-21 22:44:51 | WARNING  | emotion_detector | Failed to capture frame from camera
2025-11-21 22:44:51 | INFO     | emotion_detector | Detected emotion: sad (confidence: 0.51)
2025-11-21 22:45:04 | WARNING  | emotion_detector | Failed to capture frame from camera
2025-11-21 22:45:05 | INFO     | emotion_detector | Detected emotion: sad (confidence: 0.77)
2025-11-21 22:45:18 | WARNING  | emotion_detector | Failed to capture frame from camera
2025-11-21 22:45:19 | INFO     | emotion_detector | Detected emotion: angry (confidence: 0.80)
2025-11-21 22:45:32 | WARNING  | emotion_detector | Failed to capture frame from camera
2025-11-21 22:45:32 | INFO     | emotion_detector | Detected emotion: sad (confidence: 0.73)
2025-11-21 22:45:45 | WARNING  | emotion_detector | Failed to capture frame from camera
2025-11-21 22:45:46 | INFO     | emotion_detector | Detected emotion: neutral (confidence: 0.75)
2025-11-21 22:45:59 | WARNING  | emotion_detector | Failed to capture frame from camera
2025-11-21 22:46:00 | INFO     | emotion_detector | Detected emotion: angry (confidence: 0.58)
2025-11-21 22:46:13 | WARNING  | emotion_detector | Failed to capture frame from camera
2025-11-21 22:46:13 | INFO     | emotion_detector | Detected emotion: sad (confidence: 1.00)
2025-11-21 22:46:27 | INFO     | emotion_detector | Detected emotion: neutral (confidence: 0.99)
2025-11-21 22:46:27 | INFO     | emotion_detector | Detected emotion: neutral (confidence: 0.96)
2025-11-21 22:46:41 | WARNING  | emotion_detector | Failed to capture frame from camera
2025-11-21 22:46:41 | INFO     | emotion_detector | Detected emotion: neutral (confidence: 0.99)
2025-11-21 22:46:55 | WARNING  | emotion_detector | Failed to capture frame from camera
2025-11-21 22:46:55 | INFO     | emotion_detector | Detected emotion: neutral (confidence: 0.99)
2025-11-21 22:47:22 | INFO     | app | Server: http://127.0.0.1:5000
2025-11-21 22:47:22 | INFO     | app | WebSocket: ws://127.0.0.1:5000
2025-11-21 22:47:22 | INFO     | app | WebSocket: ws://127.0.0.1:5000
2025-11-21 22:47:22 | INFO     | app | Server: http://127.0.0.1:5000
2025-11-21 22:47:22 | INFO     | app | WebSocket: ws://127.0.0.1:5000
2025-11-21 22:51:56 | INFO     | emotion_detector | Background emotion monitoring started
2025-11-21 22:51:56 | INFO     | app | Background emotion monitor started
2025-11-21 22:51:56 | INFO     | conversation_memory | Database initialized successfully
2025-11-21 22:51:56 | INFO     | app | Database and audio directory initialized
2025-11-21 22:51:56 | INFO     | app | ROOMie Backend v3.0 starting...
2025-11-21 22:51:56 | INFO     | app | Server: http://127.0.0.1:5000
2025-11-21 22:51:56 | INFO     | app | WebSocket: ws://127.0.0.1:5000
2025-11-21 22:52:03 | INFO     | emotion_detector | Detected emotion: angry (confidence: 0.95)
2025-11-21 22:52:09 | INFO     | emotion_detector | Background emotion monitoring started
2025-11-21 22:52:09 | INFO     | app | Background emotion monitor started
2025-11-21 22:52:09 | INFO     | conversation_memory | Database initialized successfully
2025-11-21 22:52:09 | INFO     | app | Database and audio directory initialized
2025-11-21 22:52:09 | INFO     | app | ROOMie Backend v3.0 starting...
2025-11-21 22:52:09 | INFO     | app | Server: http://127.0.0.1:5000
2025-11-21 22:52:09 | INFO     | app | WebSocket: ws://127.0.0.1:5000
2025-11-21 22:52:14 | INFO     | emotion_detector | Detected emotion: neutral (confidence: 0.95)
2025-11-21 22:52:16 | INFO     | emotion_detector | Detected emotion: neutral (confidence: 0.95)
2025-11-21 22:52:28 | INFO     | emotion_detector | Detected emotion: neutral (confidence: 1.00)
2025-11-21 22:52:29 | INFO     | emotion_detector | Detected emotion: angry (confidence: 0.61)
2025-11-21 22:52:41 | INFO     | emotion_detector | Detected emotion: angry (confidence: 0.73)
2025-11-21 22:52:42 | INFO     | emotion_detector | Detected emotion: neutral (confidence: 0.75)
2025-11-21 22:52:54 | INFO     | emotion_detector | Detected emotion: angry (confidence: 0.84)
2025-11-21 22:52:55 | INFO     | emotion_detector | Detected emotion: neutral (confidence: 0.63)
2025-11-21 22:53:07 | INFO     | emotion_detector | Detected emotion: fear (confidence: 0.42)
2025-11-21 22:53:07 | INFO     | emotion_detector | Detected emotion: sad (confidence: 0.97)
2025-11-21 22:53:09 | INFO     | emotion_detector | Background emotion monitoring started
2025-11-21 22:53:20 | INFO     | emotion_detector | Detected emotion: sad (confidence: 0.98)
2025-11-21 22:53:20 | INFO     | emotion_detector | Detected emotion: sad (confidence: 0.90)
2025-11-21 22:53:23 | INFO     | emotion_detector | Detected emotion: neutral (confidence: 0.51)
2025-11-21 22:53:33 | INFO     | emotion_detector | Detected emotion: sad (confidence: 1.00)
2025-11-21 22:53:37 | WARNING  | emotion_detector | Failed to capture frame from camera
2025-11-21 22:53:40 | WARNING  | emotion_detector | Failed to capture frame from camera
2025-11-21 22:53:43 | WARNING  | emotion_detector | Failed to capture frame from camera
2025-11-21 22:53:45 | WARNING  | emotion_detector | Failed to capture frame from camera
2025-11-21 22:53:48 | WARNING  | emotion_detector | Failed to capture frame from camera
2025-11-21 22:53:49 | WARNING  | emotion_detector | Failed to capture frame from camera
2025-11-21 22:53:51 | WARNING  | emotion_detector | Failed to capture frame from camera
2025-11-21 22:53:56 | WARNING  | emotion_detector | Failed to capture frame from camera
2025-11-21 22:53:57 | WARNING  | emotion_detector | Failed to capture frame from camera
2025-11-21 22:53:58 | WARNING  | emotion_detector | Failed to capture frame from camera
2025-11-21 22:54:02 | WARNING  | emotion_detector | Failed to capture frame from camera
2025-11-21 22:54:04 | WARNING  | emotion_detector | Failed to capture frame from camera
2025-11-21 22:54:05 | WARNING  | emotion_detector | Failed to capture frame from camera
2025-11-21 22:54:08 | WARNING  | emotion_detector | Failed to capture frame from camera
2025-11-21 22:54:10 | WARNING  | emotion_detector | Failed to capture frame from camera
2025-11-21 22:54:14 | WARNING  | emotion_detector | Failed to capture frame from camera
2025-11-21 22:54:14 | WARNING  | emotion_detector | Failed to capture frame from camera
2025-11-21 22:54:16 | WARNING  | emotion_detector | Failed to capture frame from camera
2025-11-21 22:54:21 | WARNING  | emotion_detector | Failed to capture frame from camera
2025-11-21 22:54:22 | WARNING  | emotion_detector | Failed to capture frame from camera
2025-11-21 22:54:22 | WARNING  | emotion_detector | Failed to capture frame from camera
2025-11-21 22:54:27 | WARNING  | emotion_detector | Failed to capture frame from camera
2025-11-21 22:54:29 | WARNING  | emotion_detector | Failed to capture frame from camera
2025-11-21 22:54:30 | WARNING  | emotion_detector | Failed to capture frame from camera
2025-11-21 22:54:33 | WARNING  | emotion_detector | Failed to capture frame from camera
2025-11-21 22:54:35 | WARNING  | emotion_detector | Failed to capture frame from camera
2025-11-21 22:56:00 | INFO     | emotion_detector | Background emotion monitoring started
2025-11-21 22:56:00 | INFO     | app | Background emotion monitor started
2025-11-21 22:56:00 | INFO     | conversation_memory | Database initialized successfully
2025-11-21 22:56:00 | INFO     | app | Database and audio directory initialized
2025-11-21 22:56:00 | INFO     | app | ROOMie Backend v3.0 starting...
2025-11-21 22:56:00 | INFO     | app | Server: http://127.0.0.1:5000
2025-11-21 22:56:00 | INFO     | app | WebSocket: ws://127.0.0.1:5000
2025-11-21 22:56:06 | INFO     | emotion_detector | Detected emotion: sad (confidence: 0.87)
2025-11-21 22:56:11 | INFO     | emotion_detector | Background emotion monitoring started
2025-11-21 22:56:11 | INFO     | app | Background emotion monitor started
2025-11-21 22:56:11 | INFO     | conversation_memory | Database initialized successfully
2025-11-21 22:56:11 | INFO     | app | Database and audio directory initialized
2025-11-21 22:56:11 | INFO     | app | ROOMie Backend v3.0 starting...
2025-11-21 22:56:11 | INFO     | app | Server: http://127.0.0.1:5000
2025-11-21 22:56:11 | INFO     | app | WebSocket: ws://127.0.0.1:5000
2025-11-21 22:56:13 | INFO     | emotion_detector | Detected emotion: happy (confidence: 0.94)
2025-11-21 22:56:16 | INFO     | emotion_detector | Detected emotion: neutral (confidence: 0.56)
2025-11-21 22:56:20 | INFO     | emotion_detector | Detected emotion: fear (confidence: 0.51)
2025-11-21 22:56:23 | INFO     | emotion_detector | Detected emotion: neutral (confidence: 0.66)
2025-11-21 22:56:27 | INFO     | emotion_detector | Detected emotion: neutral (confidence: 0.96)
2025-11-21 22:56:29 | INFO     | emotion_detector | Detected emotion: neutral (confidence: 0.99)
2025-11-21 22:56:34 | INFO     | emotion_detector | Detected emotion: neutral (confidence: 1.00)
2025-11-21 22:56:36 | INFO     | emotion_detector | Detected emotion: neutral (confidence: 0.96)
2025-11-21 22:56:41 | INFO     | emotion_detector | Detected emotion: neutral (confidence: 0.99)
2025-11-21 22:56:43 | INFO     | emotion_detector | Detected emotion: neutral (confidence: 0.79)
2025-11-21 22:56:48 | INFO     | emotion_detector | Detected emotion: neutral (confidence: 0.90)
2025-11-21 22:56:50 | INFO     | emotion_detector | Detected emotion: sad (confidence: 0.55)
2025-11-21 22:56:55 | INFO     | emotion_detector | Detected emotion: angry (confidence: 0.99)
2025-11-21 22:56:57 | INFO     | emotion_detector | Detected emotion: neutral (confidence: 0.80)
2025-11-21 22:57:02 | INFO     | emotion_detector | Detected emotion: neutral (confidence: 0.89)
2025-11-21 22:57:03 | INFO     | emotion_detector | Detected emotion: angry (confidence: 0.83)
2025-11-21 22:57:09 | INFO     | emotion_detector | Detected emotion: neutral (confidence: 0.62)
2025-11-21 22:57:10 | INFO     | emotion_detector | Detected emotion: neutral (confidence: 0.49)
2025-11-21 22:57:12 | INFO     | emotion_detector | Background emotion monitoring started
2025-11-21 22:57:12 | INFO     | app | Background emotion monitor started
2025-11-21 22:57:12 | INFO     | conversation_memory | Database initialized successfully
2025-11-21 22:57:12 | INFO     | app | Database and audio directory initialized
2025-11-21 22:57:12 | INFO     | app | ROOMie Backend v3.0 starting...
2025-11-21 22:57:12 | INFO     | app | Server: http://127.0.0.1:5000
2025-11-21 22:57:12 | INFO     | app | WebSocket: ws://127.0.0.1:5000
2025-11-21 22:57:16 | WARNING  | emotion_detector | Failed to capture frame from camera
2025-11-21 22:57:18 | INFO     | emotion_detector | Detected emotion: neutral (confidence: 0.74)
2025-11-21 22:57:19 | INFO     | emotion_detector | Detected emotion: neutral (confidence: 0.52)
2025-11-21 22:57:26 | INFO     | emotion_detector | Background emotion monitoring started
2025-11-21 22:57:28 | INFO     | emotion_detector | Detected emotion: sad (confidence: 0.95)
2025-11-21 22:57:31 | INFO     | emotion_detector | Background emotion monitoring started
2025-11-21 22:57:31 | INFO     | app | Background emotion monitor started
2025-11-21 22:57:31 | INFO     | conversation_memory | Database initialized successfully
2025-11-21 22:57:31 | INFO     | app | Database and audio directory initialized
2025-11-21 22:57:31 | INFO     | app | ROOMie Backend v3.0 starting...
2025-11-21 22:57:31 | INFO     | app | Server: http://127.0.0.1:5000
2025-11-21 22:57:31 | INFO     | app | WebSocket: ws://127.0.0.1:5000
2025-11-21 22:57:34 | WARNING  | emotion_detector | Failed to capture frame from camera
2025-11-21 22:57:35 | WARNING  | emotion_detector | Failed to capture frame from camera
2025-11-21 22:57:40 | WARNING  | emotion_detector | Failed to capture frame from camera
2025-11-21 22:57:44 | WARNING  | emotion_detector | Failed to capture frame from camera
2025-11-21 22:57:44 | WARNING  | emotion_detector | Failed to capture frame from camera
2025-11-21 22:57:48 | WARNING  | emotion_detector | Failed to capture frame from camera
2025-11-21 22:57:48 | WARNING  | emotion_detector | Failed to capture frame from camera
2025-11-21 22:57:55 | WARNING  | emotion_detector | Failed to capture frame from camera
2025-11-21 22:57:58 | INFO     | emotion_detector | Detected emotion: sad (confidence: 0.71)
2025-11-21 22:57:59 | WARNING  | emotion_detector | Failed to capture frame from camera
2025-11-21 22:58:00 | INFO     | emotion_detector | Detected emotion: neutral (confidence: 0.96)
2025-11-21 22:58:01 | INFO     | emotion_detector | Detected emotion: neutral (confidence: 0.72)
2025-11-21 22:58:05 | INFO     | emotion_detector | Detected emotion: neutral (confidence: 0.86)
2025-11-21 22:58:06 | INFO     | emotion_detector | Detected emotion: sad (confidence: 0.75)
2025-11-21 22:58:08 | INFO     | emotion_detector | Detected emotion: neutral (confidence: 0.74)
2025-11-21 22:58:08 | INFO     | emotion_detector | Detected emotion: neutral (confidence: 0.46)
2025-11-21 22:58:09 | INFO     | emotion_detector | Detected emotion: happy (confidence: 0.58)
2025-11-21 22:58:14 | INFO     | emotion_detector | Detected emotion: sad (confidence: 0.79)
2025-11-21 22:58:15 | INFO     | emotion_detector | Detected emotion: neutral (confidence: 0.96)
2025-11-21 22:58:16 | WARNING  | emotion_detector | Failed to capture frame from camera
2025-11-21 22:58:17 | INFO     | emotion_detector | Detected emotion: sad (confidence: 0.52)
2025-11-21 22:58:17 | INFO     | emotion_detector | Detected emotion: angry (confidence: 0.93)
2025-11-21 22:58:21 | INFO     | emotion_detector | Detected emotion: angry (confidence: 0.56)
2025-11-21 22:58:25 | INFO     | emotion_detector | Detected emotion: sad (confidence: 1.00)
2025-11-21 22:58:26 | WARNING  | emotion_detector | Failed to capture frame from camera
2025-11-21 22:58:26 | INFO     | emotion_detector | Detected emotion: sad (confidence: 1.00)
2025-11-21 22:58:26 | INFO     | emotion_detector | Detected emotion: sad (confidence: 0.97)
2025-11-21 22:58:29 | INFO     | emotion_detector | Detected emotion: sad (confidence: 0.92)
2025-11-21 22:58:33 | INFO     | emotion_detector | Detected emotion: sad (confidence: 0.56)
2025-11-21 22:58:34 | WARNING  | emotion_detector | Failed to capture frame from camera
2025-11-21 22:58:35 | INFO     | emotion_detector | Detected emotion: sad (confidence: 0.80)
2025-11-21 22:58:36 | WARNING  | emotion_detector | Failed to capture frame from camera
2025-11-21 22:58:36 | INFO     | emotion_detector | Detected emotion: neutral (confidence: 0.99)
2025-11-21 22:58:40 | INFO     | emotion_detector | Detected emotion: angry (confidence: 0.92)
2025-11-21 22:58:42 | INFO     | emotion_detector | Detected emotion: sad (confidence: 1.00)
2025-11-21 22:58:43 | INFO     | emotion_detector | Detected emotion: sad (confidence: 0.98)
2025-11-21 22:58:44 | INFO     | emotion_detector | Detected emotion: sad (confidence: 0.99)
2025-11-21 22:58:45 | INFO     | emotion_detector | Detected emotion: sad (confidence: 0.59)
2025-11-21 22:58:48 | INFO     | emotion_detector | Detected emotion: sad (confidence: 0.62)
2025-11-21 22:58:50 | INFO     | emotion_detector | Detected emotion: sad (confidence: 0.98)
2025-11-21 22:58:51 | INFO     | emotion_detector | Detected emotion: sad (confidence: 0.97)
2025-11-21 22:58:51 | INFO     | emotion_detector | Detected emotion: sad (confidence: 1.00)
2025-11-21 22:58:55 | INFO     | emotion_detector | Detected emotion: neutral (confidence: 0.97)
2025-11-21 22:58:55 | INFO     | emotion_detector | Detected emotion: neutral (confidence: 0.97)
2025-11-21 22:58:59 | INFO     | emotion_detector | Detected emotion: happy (confidence: 0.99)
2025-11-21 22:58:59 | INFO     | emotion_detector | Detected emotion: fear (confidence: 0.84)
2025-11-21 22:59:00 | INFO     | emotion_detector | Detected emotion: neutral (confidence: 1.00)
2025-11-21 22:59:03 | INFO     | emotion_detector | Detected emotion: sad (confidence: 0.96)
2025-11-21 22:59:04 | INFO     | emotion_detector | Detected emotion: fear (confidence: 0.55)
2025-11-21 22:59:07 | INFO     | emotion_detector | Detected emotion: fear (confidence: 0.56)
2025-11-21 22:59:07 | WARNING  | emotion_detector | Failed to capture frame from camera
2025-11-21 22:59:08 | INFO     | emotion_detector | Detected emotion: fear (confidence: 0.50)
2025-11-21 22:59:10 | INFO     | emotion_detector | Detected emotion: fear (confidence: 0.45)
2025-11-21 22:59:14 | INFO     | emotion_detector | Detected emotion: sad (confidence: 0.54)
2025-11-21 22:59:16 | INFO     | emotion_detector | Detected emotion: sad (confidence: 0.55)
2025-11-21 22:59:17 | INFO     | emotion_detector | Detected emotion: sad (confidence: 0.53)
2025-11-21 22:59:17 | INFO     | emotion_detector | Detected emotion: sad (confidence: 0.42)
2025-11-21 22:59:18 | INFO     | emotion_detector | Detected emotion: sad (confidence: 0.56)
2025-11-21 22:59:25 | INFO     | emotion_detector | Detected emotion: neutral (confidence: 0.68)
2025-11-21 22:59:25 | WARNING  | emotion_detector | Failed to capture frame from camera
2025-11-21 22:59:26 | INFO     | emotion_detector | Detected emotion: neutral (confidence: 0.77)
2025-11-21 22:59:26 | INFO     | emotion_detector | Detected emotion: neutral (confidence: 0.93)
2025-11-21 22:59:27 | INFO     | emotion_detector | Detected emotion: angry (confidence: 0.43)
2025-11-21 22:59:33 | WARNING  | emotion_detector | Failed to capture frame from camera
2025-11-21 22:59:34 | INFO     | emotion_detector | Detected emotion: fear (confidence: 0.45)
2025-11-21 22:59:35 | INFO     | emotion_detector | Detected emotion: fear (confidence: 0.52)
2025-11-21 22:59:36 | INFO     | emotion_detector | Detected emotion: fear (confidence: 0.47)
2025-11-21 22:59:36 | INFO     | emotion_detector | Detected emotion: fear (confidence: 0.44)
2025-11-21 22:59:40 | INFO     | emotion_detector | Detected emotion: fear (confidence: 0.53)
2025-11-21 22:59:41 | INFO     | emotion_detector | Detected emotion: fear (confidence: 0.73)
2025-11-21 22:59:43 | INFO     | emotion_detector | Detected emotion: fear (confidence: 0.62)
2025-11-21 22:59:44 | INFO     | emotion_detector | Detected emotion: fear (confidence: 0.61)
2025-11-21 22:59:46 | INFO     | emotion_detector | Detected emotion: fear (confidence: 0.68)
2025-11-21 22:59:48 | INFO     | emotion_detector | Detected emotion: fear (confidence: 0.62)
2025-11-21 22:59:49 | INFO     | emotion_detector | Detected emotion: fear (confidence: 0.69)
2025-11-21 22:59:50 | INFO     | emotion_detector | Detected emotion: fear (confidence: 0.64)
2025-11-21 22:59:51 | INFO     | emotion_detector | Detected emotion: fear (confidence: 0.62)
2025-11-21 22:59:55 | WARNING  | emotion_detector | Failed to capture frame from camera
2025-11-21 22:59:55 | INFO     | emotion_detector | Detected emotion: fear (confidence: 0.72)
2025-11-21 22:59:57 | INFO     | emotion_detector | Detected emotion: fear (confidence: 0.66)
2025-11-21 22:59:58 | INFO     | emotion_detector | Detected emotion: fear (confidence: 0.78)
2025-11-21 22:59:59 | INFO     | emotion_detector | Detected emotion: fear (confidence: 0.74)
2025-11-21 23:00:02 | INFO     | emotion_detector | Detected emotion: fear (confidence: 0.73)
2025-11-21 23:00:05 | WARNING  | emotion_detector | Failed to capture frame from camera
2025-11-21 23:00:06 | INFO     | emotion_detector | Detected emotion: fear (confidence: 0.78)
2025-11-21 23:00:07 | INFO     | emotion_detector | Detected emotion: fear (confidence: 0.71)
2025-11-21 23:00:08 | INFO     | emotion_detector | Detected emotion: fear (confidence: 0.54)
2025-11-21 23:00:09 | INFO     | emotion_detector | Detected emotion: sad (confidence: 1.00)
2025-11-21 23:00:14 | INFO     | emotion_detector | Detected emotion: angry (confidence: 0.95)
2025-11-21 23:00:16 | WARNING  | emotion_detector | Failed to capture frame from camera
2025-11-21 23:00:16 | INFO     | emotion_detector | Detected emotion: sad (confidence: 0.93)
2025-11-21 23:00:17 | INFO     | emotion_detector | Detected emotion: sad (confidence: 0.99)
2025-11-21 23:00:18 | INFO     | emotion_detector | Detected emotion: sad (confidence: 1.00)
2025-11-21 23:00:21 | INFO     | emotion_detector | Detected emotion: angry (confidence: 0.84)
2025-11-21 23:00:28 | INFO     | emotion_detector | Detected emotion: neutral (confidence: 0.96)
2025-11-21 23:00:30 | WARNING  | emotion_detector | Failed to capture frame from camera
2025-11-21 23:00:32 | WARNING  | emotion_detector | Failed to capture frame from camera
2025-11-21 23:00:33 | WARNING  | emotion_detector | Failed to capture frame from camera
2025-11-21 23:00:36 | WARNING  | emotion_detector | Failed to capture frame from camera
2025-11-21 23:00:43 | WARNING  | emotion_detector | Failed to capture frame from camera
2025-11-21 23:00:43 | WARNING  | emotion_detector | Failed to capture frame from camera
2025-11-21 23:00:45 | WARNING  | emotion_detector | Failed to capture frame from camera
2025-11-21 23:00:47 | WARNING  | emotion_detector | Failed to capture frame from camera
2025-11-21 23:00:47 | WARNING  | emotion_detector | Failed to capture frame from camera
2025-11-21 23:00:50 | WARNING  | emotion_detector | Failed to capture frame from camera
2025-11-21 23:00:50 | WARNING  | emotion_detector | Failed to capture frame from camera
2025-11-21 23:00:52 | WARNING  | emotion_detector | Failed to capture frame from camera
2025-11-21 23:00:54 | WARNING  | emotion_detector | Failed to capture frame from camera
2025-11-21 23:00:57 | INFO     | emotion_detector | Detected emotion: neutral (confidence: 0.98)
2025-11-21 23:00:59 | INFO     | emotion_detector | Detected emotion: sad (confidence: 0.85)
2025-11-21 23:01:00 | INFO     | emotion_detector | Detected emotion: sad (confidence: 0.73)
2025-11-21 23:01:00 | INFO     | emotion_detector | Detected emotion: sad (confidence: 0.65)
2025-11-21 23:01:02 | INFO     | emotion_detector | Detected emotion: sad (confidence: 0.98)
2025-11-21 23:01:07 | WARNING  | emotion_detector | Failed to capture frame from camera
2025-11-21 23:01:08 | INFO     | emotion_detector | Detected emotion: sad (confidence: 1.00)
2025-11-21 23:01:09 | INFO     | emotion_detector | Detected emotion: sad (confidence: 0.99)
2025-11-21 23:01:10 | INFO     | emotion_detector | Detected emotion: sad (confidence: 0.99)
2025-11-21 23:01:10 | INFO     | emotion_detector | Detected emotion: sad (confidence: 1.00)
2025-11-21 23:01:15 | INFO     | emotion_detector | Detected emotion: sad (confidence: 1.00)
2025-11-21 23:01:17 | INFO     | emotion_detector | Detected emotion: sad (confidence: 0.98)
2025-11-21 23:01:19 | INFO     | emotion_detector | Detected emotion: sad (confidence: 0.97)
2025-11-21 23:01:19 | WARNING  | emotion_detector | Failed to capture frame from camera
2025-11-21 23:01:19 | INFO     | emotion_detector | Detected emotion: sad (confidence: 0.99)
2025-11-21 23:01:23 | INFO     | emotion_detector | Detected emotion: sad (confidence: 0.91)
2025-11-21 23:01:25 | INFO     | emotion_detector | Detected emotion: angry (confidence: 0.73)
2025-11-21 23:01:26 | WARNING  | emotion_detector | Failed to capture frame from camera
2025-11-21 23:01:27 | INFO     | emotion_detector | Detected emotion: sad (confidence: 0.99)
2025-11-21 23:01:29 | INFO     | emotion_detector | Detected emotion: sad (confidence: 0.97)
2025-11-21 23:01:30 | INFO     | emotion_detector | Detected emotion: sad (confidence: 0.97)
2025-11-21 23:01:32 | INFO     | emotion_detector | Detected emotion: sad (confidence: 0.97)
2025-11-21 23:01:34 | INFO     | emotion_detector | Detected emotion: sad (confidence: 0.82)
2025-11-21 23:01:34 | INFO     | emotion_detector | Detected emotion: sad (confidence: 0.98)
2025-11-21 23:01:37 | INFO     | emotion_detector | Detected emotion: sad (confidence: 0.68)
2025-11-21 23:01:38 | INFO     | emotion_detector | Detected emotion: sad (confidence: 0.97)
2025-11-21 23:01:40 | INFO     | emotion_detector | Detected emotion: sad (confidence: 0.98)
2025-11-21 23:01:42 | INFO     | emotion_detector | Detected emotion: sad (confidence: 0.99)
2025-11-21 23:01:42 | INFO     | emotion_detector | Detected emotion: sad (confidence: 0.96)
2025-11-21 23:01:44 | INFO     | emotion_detector | Detected emotion: sad (confidence: 0.96)
2025-11-21 23:01:47 | WARNING  | emotion_detector | Failed to capture frame from camera
2025-11-21 23:01:47 | INFO     | emotion_detector | Detected emotion: sad (confidence: 0.99)
2025-11-21 23:01:50 | INFO     | emotion_detector | Detected emotion: sad (confidence: 0.99)
2025-11-21 23:01:50 | INFO     | emotion_detector | Detected emotion: sad (confidence: 0.98)
2025-11-21 23:01:51 | INFO     | emotion_detector | Detected emotion: sad (confidence: 0.99)
2025-11-21 23:01:54 | INFO     | emotion_detector | Detected emotion: sad (confidence: 0.50)
2025-11-21 23:01:58 | WARNING  | emotion_detector | Failed to capture frame from camera
2025-11-21 23:02:01 | WARNING  | emotion_detector | Failed to capture frame from camera
2025-11-21 23:02:03 | WARNING  | emotion_detector | Failed to capture frame from camera
2025-11-21 23:02:04 | WARNING  | emotion_detector | Failed to capture frame from camera
2025-11-21 23:02:06 | WARNING  | emotion_detector | Failed to capture frame from camera
2025-11-21 23:02:15 | INFO     | emotion_detector | Detected emotion: angry (confidence: 0.87)
2025-11-21 23:02:17 | INFO     | emotion_detector | Detected emotion: neutral (confidence: 0.49)
2025-11-21 23:02:18 | INFO     | emotion_detector | Detected emotion: sad (confidence: 0.92)
2025-11-21 23:02:19 | INFO     | emotion_detector | Detected emotion: sad (confidence: 0.90)
2025-11-21 23:02:21 | INFO     | emotion_detector | Detected emotion: angry (confidence: 0.65)
2025-11-21 23:02:31 | INFO     | emotion_detector | Detected emotion: sad (confidence: 1.00)
2025-11-21 23:02:32 | INFO     | emotion_detector | Detected emotion: sad (confidence: 1.00)
2025-11-21 23:02:34 | INFO     | emotion_detector | Detected emotion: sad (confidence: 0.98)
2025-11-21 23:02:34 | INFO     | emotion_detector | Detected emotion: sad (confidence: 0.98)
2025-11-21 23:02:36 | INFO     | emotion_detector | Detected emotion: sad (confidence: 0.98)
2025-11-21 23:02:46 | INFO     | emotion_detector | Detected emotion: neutral (confidence: 0.91)
2025-11-21 23:02:48 | INFO     | emotion_detector | Detected emotion: happy (confidence: 0.59)
2025-11-21 23:02:49 | WARNING  | emotion_detector | Failed to capture frame from camera
2025-11-21 23:02:49 | INFO     | emotion_detector | Detected emotion: neutral (confidence: 0.85)
2025-11-21 23:02:50 | INFO     | emotion_detector | Detected emotion: neutral (confidence: 0.43)
2025-11-21 23:02:53 | INFO     | emotion_detector | Detected emotion: sad (confidence: 0.85)
2025-11-21 23:02:58 | WARNING  | emotion_detector | Failed to capture frame from camera
2025-11-21 23:02:58 | INFO     | emotion_detector | Detected emotion: happy (confidence: 0.76)
2025-11-21 23:02:59 | INFO     | emotion_detector | Detected emotion: angry (confidence: 0.69)
2025-11-21 23:02:59 | INFO     | emotion_detector | Detected emotion: fear (confidence: 0.44)
2025-11-21 23:03:01 | INFO     | emotion_detector | Detected emotion: fear (confidence: 0.60)
2025-11-21 23:03:05 | INFO     | emotion_detector | Detected emotion: sad (confidence: 0.77)
2025-11-21 23:03:06 | INFO     | emotion_detector | Detected emotion: sad (confidence: 0.87)
2025-11-21 23:03:07 | INFO     | emotion_detector | Detected emotion: sad (confidence: 0.92)
2025-11-21 23:03:09 | INFO     | emotion_detector | Detected emotion: sad (confidence: 0.96)
2025-11-21 23:03:09 | INFO     | emotion_detector | Detected emotion: sad (confidence: 0.88)
2025-11-21 23:03:13 | INFO     | emotion_detector | Detected emotion: sad (confidence: 0.94)
2025-11-21 23:03:14 | INFO     | emotion_detector | Detected emotion: sad (confidence: 0.98)
2025-11-21 23:03:15 | INFO     | emotion_detector | Detected emotion: sad (confidence: 0.98)
2025-11-21 23:03:16 | INFO     | emotion_detector | Detected emotion: sad (confidence: 0.97)
2025-11-21 23:03:18 | INFO     | emotion_detector | Detected emotion: sad (confidence: 0.99)
2025-11-21 23:03:21 | INFO     | emotion_detector | Detected emotion: sad (confidence: 0.80)
2025-11-21 23:03:22 | INFO     | emotion_detector | Detected emotion: sad (confidence: 0.99)
2025-11-21 23:03:23 | INFO     | emotion_detector | Detected emotion: sad (confidence: 0.92)
2025-11-21 23:03:24 | INFO     | emotion_detector | Detected emotion: sad (confidence: 0.74)
2025-11-21 23:03:27 | INFO     | emotion_detector | Detected emotion: neutral (confidence: 0.54)
2025-11-21 23:03:29 | INFO     | emotion_detector | Detected emotion: sad (confidence: 0.76)
2025-11-21 23:03:31 | INFO     | emotion_detector | Detected emotion: sad (confidence: 0.89)
2025-11-21 23:03:31 | INFO     | emotion_detector | Detected emotion: sad (confidence: 0.89)
2025-11-21 23:03:32 | INFO     | emotion_detector | Detected emotion: sad (confidence: 0.84)
2025-11-21 23:03:36 | WARNING  | emotion_detector | Failed to capture frame from camera
2025-11-21 23:03:37 | INFO     | emotion_detector | Detected emotion: sad (confidence: 0.64)
2025-11-21 23:03:39 | INFO     | emotion_detector | Detected emotion: sad (confidence: 0.56)
2025-11-21 23:03:40 | INFO     | emotion_detector | Detected emotion: sad (confidence: 0.46)
2025-11-21 23:03:40 | INFO     | emotion_detector | Detected emotion: sad (confidence: 0.47)
2025-11-21 23:03:44 | INFO     | emotion_detector | Detected emotion: angry (confidence: 0.50)
2025-11-21 23:03:47 | INFO     | emotion_detector | Detected emotion: angry (confidence: 0.59)
2025-11-21 23:03:47 | INFO     | emotion_detector | Detected emotion: sad (confidence: 0.96)
2025-11-21 23:03:48 | WARNING  | emotion_detector | Failed to capture frame from camera
2025-11-21 23:03:48 | INFO     | emotion_detector | Detected emotion: sad (confidence: 1.00)
2025-11-21 23:03:51 | INFO     | emotion_detector | Detected emotion: sad (confidence: 0.72)
2025-11-21 23:03:56 | INFO     | emotion_detector | Detected emotion: sad (confidence: 0.89)
2025-11-21 23:03:57 | INFO     | emotion_detector | Detected emotion: angry (confidence: 0.67)
2025-11-21 23:03:58 | INFO     | emotion_detector | Detected emotion: angry (confidence: 0.63)
2025-11-21 23:03:58 | INFO     | emotion_detector | Detected emotion: angry (confidence: 0.54)
2025-11-21 23:04:01 | INFO     | emotion_detector | Detected emotion: neutral (confidence: 0.96)
2025-11-21 23:04:12 | INFO     | emotion_detector | Detected emotion: sad (confidence: 1.00)
2025-11-21 23:04:14 | INFO     | emotion_detector | Detected emotion: happy (confidence: 1.00)
2025-11-21 23:04:15 | INFO     | emotion_detector | Detected emotion: happy (confidence: 0.82)
2025-11-21 23:04:19 | INFO     | emotion_detector | Detected emotion: happy (confidence: 0.99)
2025-11-21 23:04:20 | INFO     | emotion_detector | Detected emotion: happy (confidence: 0.70)
2025-11-21 23:04:22 | ERROR    | analytics | Error generating emotion summary: unsupported operand type(s) for +=: 'int' and 'bytes'
2025-11-21 23:04:22 | ERROR    | analytics | Error generating emotion summary: unsupported operand type(s) for +=: 'int' and 'bytes'
2025-11-21 23:04:30 | INFO     | emotion_detector | Detected emotion: happy (confidence: 0.83)
2025-11-21 23:04:35 | INFO     | emotion_detector | Detected emotion: happy (confidence: 0.95)
2025-11-21 23:04:37 | INFO     | emotion_detector | Detected emotion: happy (confidence: 1.00)
2025-11-21 23:04:41 | INFO     | emotion_detector | Detected emotion: happy (confidence: 0.68)
2025-11-21 23:04:43 | INFO     | emotion_detector | Detected emotion: sad (confidence: 0.98)
2025-11-21 23:04:47 | INFO     | voice_tone | Voice tone analysis: angry (confidence: 0.67)
2025-11-21 23:04:47 | INFO     | voice_tone | Voice tone analysis: neutral (confidence: 1.00)
2025-11-21 23:04:47 | INFO     | emotion_detector | Detected emotion: happy (confidence: 0.88)
2025-11-21 23:04:50 | INFO     | ai_core | AI response generated: Could you give me a bit more context on what you'r...
2025-11-21 23:04:50 | INFO     | tts_output | Generating TTS with voice 'nova' for tone 'neutral'
2025-11-21 23:04:50 | INFO     | ai_core | AI response generated: It sounds like you might be feeling a bit overwhel...
2025-11-21 23:04:50 | INFO     | tts_output | Generating TTS with voice 'echo' for tone 'sad'
2025-11-21 23:04:53 | INFO     | emotion_detector | Detected emotion: neutral (confidence: 0.98)
2025-11-21 23:04:55 | INFO     | tts_output | TTS audio saved: C:\Users\SHIVANSH\Desktop\ROOMie\backend\audio\tmpuo9rqpbd.mp3
2025-11-21 23:04:55 | INFO     | tts_output | TTS audio saved: C:\Users\SHIVANSH\Desktop\ROOMie\backend\audio\tmp22_desie.mp3
2025-11-21 23:04:55 | INFO     | app | ROOMie backend ready
2025-11-21 23:04:56 | INFO     | emotion_detector | Detected emotion: fear (confidence: 0.97)
2025-11-21 23:05:04 | INFO     | emotion_detector | Detected emotion: angry (confidence: 0.55)
2025-11-21 23:05:10 | INFO     | emotion_detector | Detected emotion: angry (confidence: 0.63)
2025-11-21 23:05:12 | INFO     | emotion_detector | Detected emotion: angry (confidence: 0.49)
2025-11-21 23:05:15 | INFO     | emotion_detector | Detected emotion: fear (confidence: 0.88)
2025-11-21 23:05:17 | INFO     | emotion_detector | Detected emotion: neutral (confidence: 0.92)
2025-11-21 23:05:24 | INFO     | emotion_detector | Detected emotion: sad (confidence: 0.45)
2025-11-21 23:05:31 | WARNING  | emotion_detector | Failed to capture frame from camera
2025-11-21 23:05:32 | INFO     | emotion_detector | Detected emotion: angry (confidence: 0.76)
2025-11-21 23:05:36 | INFO     | emotion_detector | Detected emotion: sad (confidence: 0.65)
2025-11-21 23:05:37 | INFO     | emotion_detector | Detected emotion: angry (confidence: 0.40)
2025-11-21 23:05:41 | INFO     | emotion_detector | Detected emotion: angry (confidence: 0.73)
2025-11-21 23:05:49 | INFO     | emotion_detector | Detected emotion: neutral (confidence: 0.59)
2025-11-21 23:05:54 | INFO     | emotion_detector | Detected emotion: sad (confidence: 0.56)
2025-11-21 23:05:56 | INFO     | emotion_detector | Detected emotion: neutral (confidence: 0.99)
2025-11-21 23:05:57 | INFO     | emotion_detector | Detected emotion: happy (confidence: 0.53)
2025-11-21 23:05:58 | INFO     | emotion_detector | Detected emotion: sad (confidence: 1.00)
